000 (232351.000.000) 2022-04-24 18:54:18 Job submitted from host: <128.104.100.148:9618?addrs=128.104.100.148-9618+[2607-f388-107c-501-216-3eff-feb2-bc11]-9618&alias=learn.chtc.wisc.edu&noUDP&sock=schedd_1096_57e3>
...
040 (232351.000.000) 2022-04-24 18:55:02 Started transferring input files
	Transferring to host: <128.105.68.145:9618?addrs=128.105.68.145-9618+[2607-f388-2200-100-1e6a-7aff-fe26-6ae5]-9618&alias=e2423.chtc.wisc.edu&noUDP&sock=slot1_12_25901_58f6_37306>
...
040 (232351.000.000) 2022-04-24 18:55:10 Finished transferring input files
...
001 (232351.000.000) 2022-04-24 18:55:11 Job executing on host: <128.105.68.145:9618?addrs=128.105.68.145-9618+[2607-f388-2200-100-1e6a-7aff-fe26-6ae5]-9618&alias=e2423.chtc.wisc.edu&noUDP&sock=startd_7776_4487>
...
006 (232351.000.000) 2022-04-24 18:55:20 Image size of job updated: 115296
	110  -  MemoryUsage of job (MB)
	112392  -  ResidentSetSize of job (KB)
...
006 (232351.000.000) 2022-04-24 19:00:21 Image size of job updated: 188168
	110  -  MemoryUsage of job (MB)
	112392  -  ResidentSetSize of job (KB)
...
006 (232351.000.000) 2022-04-24 19:05:21 Image size of job updated: 188184
	110  -  MemoryUsage of job (MB)
	112392  -  ResidentSetSize of job (KB)
...
006 (232351.000.000) 2022-04-24 19:08:37 Image size of job updated: 188188
	110  -  MemoryUsage of job (MB)
	112392  -  ResidentSetSize of job (KB)
...
040 (232351.000.000) 2022-04-24 19:08:40 Started transferring output files
...
040 (232351.000.000) 2022-04-24 19:08:40 Finished transferring output files
...
005 (232351.000.000) 2022-04-24 19:08:40 Job terminated.
	(1) Normal termination (return value 0)
		Usr 0 00:12:46, Sys 0 00:00:04  -  Run Remote Usage
		Usr 0 00:00:00, Sys 0 00:00:00  -  Run Local Usage
		Usr 0 00:12:46, Sys 0 00:00:04  -  Total Remote Usage
		Usr 0 00:00:00, Sys 0 00:00:00  -  Total Local Usage
	49650  -  Run Bytes Sent By Job
	123978776  -  Run Bytes Received By Job
	49650  -  Total Bytes Sent By Job
	123978776  -  Total Bytes Received By Job
	Partitionable Resources :     Usage  Request Allocated 
	   Cpus                 :      1.00        1         1 
	   Disk (KB)            : 490714      500000    875814 
	   IoHeavy              :                            0 
	   Memory (MB)          :    110         150       150 

	Job terminated of its own accord at 2022-04-25T00:08:37Z with exit-code 0.
...
